<?xml version="1.0" encoding="UTF-8"?>
<robot generator="Robot 3.1.2 (Python 3.6.8 on win32)" generated="20191202 16:28:48.164" rpa="false">
<suite id="s1" name="OrangeHRM" source="C:\RobotScripts\OrangeHRM\TestSuite\OrangeHRM.robot">
<test id="s1-t1" name="TestCase1: Login with Valid Credentails">
<kw name="Open OrangeHRM webiste in Chrome" library="Common">
<kw name="Open Browser" library="SeleniumLibrary">
<doc>Opens a new browser instance to the given ``url``.</doc>
<arguments>
<arg>${URL}</arg>
<arg>chrome</arg>
</arguments>
<msg timestamp="20191202 16:28:48.610" level="INFO">Opening browser 'chrome' to base url 'https://opensource-demo.orangehrmlive.com/index.php/auth/login'.</msg>
<status status="PASS" starttime="20191202 16:28:48.610" endtime="20191202 16:28:54.812"></status>
</kw>
<kw name="Maximize Browser Window" library="SeleniumLibrary">
<doc>Maximizes current browser window.</doc>
<status status="PASS" starttime="20191202 16:28:54.813" endtime="20191202 16:28:54.935"></status>
</kw>
<kw name="Log To Console" library="BuiltIn">
<doc>Logs the given message to the console.</doc>
<arguments>
<arg>Browser is Maximized</arg>
</arguments>
<status status="PASS" starttime="20191202 16:28:54.935" endtime="20191202 16:28:54.935"></status>
</kw>
<status status="PASS" starttime="20191202 16:28:48.610" endtime="20191202 16:28:54.935"></status>
</kw>
<kw name="Sleep" library="BuiltIn">
<doc>Pauses the test executed for the given time.</doc>
<arguments>
<arg>${timeout}</arg>
</arguments>
<msg timestamp="20191202 16:28:56.938" level="INFO">Slept 2 seconds</msg>
<status status="PASS" starttime="20191202 16:28:54.935" endtime="20191202 16:28:56.938"></status>
</kw>
<kw name="Check Login Panel is available" library="Common">
<kw name="Get Element Count" library="SeleniumLibrary">
<doc>Returns number of elements matching ``locator``.</doc>
<arguments>
<arg>${LoginPanel_Xpath}</arg>
</arguments>
<assign>
<var>${count}</var>
</assign>
<msg timestamp="20191202 16:28:56.995" level="INFO">${count} = 1</msg>
<status status="PASS" starttime="20191202 16:28:56.941" endtime="20191202 16:28:56.996"></status>
</kw>
<kw name="Run Keyword And Return If" library="BuiltIn">
<doc>Runs the specified keyword and returns from the enclosing user keyword.</doc>
<arguments>
<arg>${count} &gt; 0</arg>
<arg>Enter Login Credentials</arg>
</arguments>
<kw name="Enter Login Credentials" library="Common">
<kw name="Input Text" library="SeleniumLibrary">
<doc>Types the given ``text`` into text field identified by ``locator``.</doc>
<arguments>
<arg>${Username_Xpath}</arg>
<arg>${Username}</arg>
</arguments>
<msg timestamp="20191202 16:28:56.997" level="INFO">Typing text 'Admin' into text field '//input[@type='text'][@name='txtUsername']'.</msg>
<status status="PASS" starttime="20191202 16:28:56.997" endtime="20191202 16:28:57.304"></status>
</kw>
<kw name="Log To Console" library="BuiltIn">
<doc>Logs the given message to the console.</doc>
<arguments>
<arg>Entered Username</arg>
</arguments>
<status status="PASS" starttime="20191202 16:28:57.305" endtime="20191202 16:28:57.306"></status>
</kw>
<kw name="Sleep" library="BuiltIn">
<doc>Pauses the test executed for the given time.</doc>
<arguments>
<arg>2s</arg>
</arguments>
<msg timestamp="20191202 16:28:59.307" level="INFO">Slept 2 seconds</msg>
<status status="PASS" starttime="20191202 16:28:57.306" endtime="20191202 16:28:59.307"></status>
</kw>
<kw name="Input Password" library="SeleniumLibrary">
<doc>Types the given password into text field identified by ``locator``.</doc>
<arguments>
<arg>${Password_Xpath}</arg>
<arg>${Password}</arg>
</arguments>
<msg timestamp="20191202 16:28:59.307" level="INFO">Typing password into text field '//input[@type='password'][@name='txtPassword']'.</msg>
<status status="PASS" starttime="20191202 16:28:59.307" endtime="20191202 16:28:59.602"></status>
</kw>
<kw name="Log To Console" library="BuiltIn">
<doc>Logs the given message to the console.</doc>
<arguments>
<arg>Entered Password</arg>
</arguments>
<status status="PASS" starttime="20191202 16:28:59.602" endtime="20191202 16:28:59.602"></status>
</kw>
<kw name="Sleep" library="BuiltIn">
<doc>Pauses the test executed for the given time.</doc>
<arguments>
<arg>2s</arg>
</arguments>
<msg timestamp="20191202 16:29:01.609" level="INFO">Slept 2 seconds</msg>
<status status="PASS" starttime="20191202 16:28:59.604" endtime="20191202 16:29:01.609"></status>
</kw>
<status status="PASS" starttime="20191202 16:28:56.997" endtime="20191202 16:29:01.609"></status>
</kw>
<msg timestamp="20191202 16:29:01.609" level="INFO">Returning from the enclosing user keyword.</msg>
<status status="PASS" starttime="20191202 16:28:56.996" endtime="20191202 16:29:01.609"></status>
</kw>
<status status="PASS" starttime="20191202 16:28:56.940" endtime="20191202 16:29:01.609"></status>
</kw>
<kw name="Sleep" library="BuiltIn">
<doc>Pauses the test executed for the given time.</doc>
<arguments>
<arg>${timeout}</arg>
</arguments>
<msg timestamp="20191202 16:29:03.617" level="INFO">Slept 2 seconds</msg>
<status status="PASS" starttime="20191202 16:29:01.609" endtime="20191202 16:29:03.617"></status>
</kw>
<kw name="Click on Login Button" library="Common">
<kw name="Click Button" library="SeleniumLibrary">
<doc>Clicks button identified by ``locator``.</doc>
<arguments>
<arg>${Loginbutton_Xpath}</arg>
</arguments>
<msg timestamp="20191202 16:29:03.621" level="INFO">Clicking button '//input[@type='submit'][@name='Submit']'.</msg>
<status status="PASS" starttime="20191202 16:29:03.617" endtime="20191202 16:29:10.574"></status>
</kw>
<kw name="Log To Console" library="BuiltIn">
<doc>Logs the given message to the console.</doc>
<arguments>
<arg>CLicked on Login Button</arg>
</arguments>
<status status="PASS" starttime="20191202 16:29:10.574" endtime="20191202 16:29:10.576"></status>
</kw>
<kw name="Sleep" library="BuiltIn">
<doc>Pauses the test executed for the given time.</doc>
<arguments>
<arg>2s</arg>
</arguments>
<msg timestamp="20191202 16:29:12.584" level="INFO">Slept 2 seconds</msg>
<status status="PASS" starttime="20191202 16:29:10.576" endtime="20191202 16:29:12.584"></status>
</kw>
<status status="PASS" starttime="20191202 16:29:03.617" endtime="20191202 16:29:12.584"></status>
</kw>
<kw name="Sleep" library="BuiltIn">
<doc>Pauses the test executed for the given time.</doc>
<arguments>
<arg>${timeout}</arg>
</arguments>
<msg timestamp="20191202 16:29:14.593" level="INFO">Slept 2 seconds</msg>
<status status="PASS" starttime="20191202 16:29:12.584" endtime="20191202 16:29:14.593"></status>
</kw>
<kw name="Close current Browser" library="Common">
<kw name="Close Browser" library="SeleniumLibrary">
<doc>Closes the current browser.</doc>
<status status="PASS" starttime="20191202 16:29:14.596" endtime="20191202 16:29:16.888"></status>
</kw>
<kw name="Log To Console" library="BuiltIn">
<doc>Logs the given message to the console.</doc>
<arguments>
<arg>Browser is closed</arg>
</arguments>
<status status="PASS" starttime="20191202 16:29:16.888" endtime="20191202 16:29:16.889"></status>
</kw>
<status status="PASS" starttime="20191202 16:29:14.593" endtime="20191202 16:29:16.890"></status>
</kw>
<doc>This is to verify valid login to the Orange HRM site</doc>
<tags>
<tag>regression</tag>
<tag>smoke</tag>
</tags>
<status status="PASS" starttime="20191202 16:28:48.609" endtime="20191202 16:29:16.892" critical="yes"></status>
</test>
<doc>This is the robot script for Orange HRM Site</doc>
<status status="PASS" starttime="20191202 16:28:48.167" endtime="20191202 16:29:16.899"></status>
</suite>
<statistics>
<total>
<stat pass="1" fail="0">Critical Tests</stat>
<stat pass="1" fail="0">All Tests</stat>
</total>
<tag>
<stat pass="1" fail="0">regression</stat>
<stat pass="1" fail="0">smoke</stat>
</tag>
<suite>
<stat pass="1" fail="0" id="s1" name="OrangeHRM">OrangeHRM</stat>
</suite>
</statistics>
<errors>
<msg timestamp="20191202 16:28:48.598" level="ERROR">Error in file 'C:\RobotScripts\OrangeHRM\Keywords\Common.robot': Importing test library 'request' failed: ModuleNotFoundError: No module named 'request'
Traceback (most recent call last):
  None
PYTHONPATH:
  C:\Users\smartind\AppData\Local\Programs\Python\Python36\Scripts\robot.exe
  c:\users\smartind\appdata\local\programs\python\python36\python36.zip
  c:\users\smartind\appdata\local\programs\python\python36\DLLs
  c:\users\smartind\appdata\local\programs\python\python36\lib
  c:\users\smartind\appdata\local\programs\python\python36
  c:\users\smartind\appdata\local\programs\python\python36\lib\site-packages</msg>
<msg timestamp="20191202 16:28:48.607" level="ERROR">Error in file 'C:\RobotScripts\OrangeHRM\TestSuite\OrangeHRM.robot': Importing test library 'C:/RobotScripts/OrangeHRM/Resources/PageObjects/Locators.robot' failed: Not a valid file or directory to import.</msg>
</errors>
</robot>
